<?xml version="1.0" encoding="UTF-8"?>
<!-- Generated by org.testng.reporters.JUnitReportReporter -->
<testsuite hostname="LAPTOP-20P6ETLE" failures="0" tests="1" name="vtiger.Task7" time="14.917" errors="0" timestamp="2024-08-08T17:18:26 IST" skipped="0">
  <testcase classname="vtiger.Task7" name="testCase7" time="14.917"/>
</testsuite> <!-- vtiger.Task7 -->
