<?xml version="1.0" encoding="UTF-8"?>
<!-- Generated by org.testng.reporters.JUnitReportReporter -->
<testsuite hostname="LAPTOP-20P6ETLE" failures="0" tests="1" name="demoWebShop.Task4" time="21.101" errors="0" timestamp="2024-08-08T17:58:11 IST" skipped="0">
  <testcase classname="demoWebShop.Task4" name="taskNo4" time="21.101">
    <system-out>
      <![CDATA[taskNo4
onTestSuccess]]>
    </system-out>
  </testcase> <!-- taskNo4 -->
  <system-out>
    <![CDATA[onStart
taskNo4
onTestSuccess
testCases
onTestSuccess]]>
  </system-out>
</testsuite> <!-- demoWebShop.Task4 -->
