<?xml version="1.0" encoding="UTF-8"?>
<!-- Generated by org.testng.reporters.JUnitReportReporter -->
<testsuite hostname="LAPTOP-20P6ETLE" failures="0" tests="1" name="demoWebShop.Task3" time="7.081" errors="0" timestamp="2024-08-08T17:58:11 IST" skipped="0">
  <testcase classname="demoWebShop.Task3" name="testCases" time="7.081">
    <system-out>
      <![CDATA[testCases
onTestSuccess]]>
    </system-out>
  </testcase> <!-- testCases -->
  <system-out>
    <![CDATA[onStart
taskNo4
onTestSuccess
testCases
onTestSuccess]]>
  </system-out>
</testsuite> <!-- demoWebShop.Task3 -->
